This is pdfTeX, Version 3.141592653-2.6-1.40.24 (TeX Live 2022) (preloaded format=pdflatex 2023.2.3)  17 FEB 2023 15:42
entering extended mode
 restricted \write18 enabled.
 %&-line parsing enabled.
**handbook.tex
(./handbook.tex
LaTeX2e <2022-11-01> patch level 1
L3 programming layer <2023-02-01>
(c:/texlive/2023/texmf-dist/tex/latex/base/report.cls
Document Class: report 2022/07/02 v1.4n Standard LaTeX document class
(c:/texlive/2023/texmf-dist/tex/latex/base/size10.clo
File: size10.clo 2022/07/02 v1.4n Standard LaTeX file (size option)
)
\c@part=\count185
\c@chapter=\count186
\c@section=\count187
\c@subsection=\count188
\c@subsubsection=\count189
\c@paragraph=\count190
\c@subparagraph=\count191
\c@figure=\count192
\c@table=\count193
\abovecaptionskip=\skip48
\belowcaptionskip=\skip49
\bibindent=\dimen140
)
(c:/texlive/2023/texmf-dist/tex/latex/base/inputenc.sty
Package: inputenc 2021/02/14 v1.3d Input encoding file
\inpenc@prehook=\toks16
\inpenc@posthook=\toks17
)
(c:/texlive/2023/texmf-dist/tex/latex/graphics/graphics.sty
Package: graphics 2022/03/10 v1.4e Standard LaTeX Graphics (DPC,SPQR)

(c:/texlive/2023/texmf-dist/tex/latex/graphics/trig.sty
Package: trig 2021/08/11 v1.11 sin cos tan (DPC)
)
(c:/texlive/2023/texmf-dist/tex/latex/graphics-cfg/graphics.cfg
File: graphics.cfg 2016/06/04 v1.11 sample graphics configuration
)
Package graphics Info: Driver file: pdftex.def on input line 107.

(c:/texlive/2023/texmf-dist/tex/latex/graphics-def/pdftex.def
File: pdftex.def 2022/09/22 v1.2b Graphics/color driver for pdftex
))
(c:/texlive/2023/texmf-dist/tex/latex/graphics/epsfig.sty
Package: epsfig 2017/06/25 v1.7b (e)psfig emulation (SPQR)

(c:/texlive/2023/texmf-dist/tex/latex/graphics/graphicx.sty
Package: graphicx 2021/09/16 v1.2d Enhanced LaTeX Graphics (DPC,SPQR)

(c:/texlive/2023/texmf-dist/tex/latex/graphics/keyval.sty
Package: keyval 2022/05/29 v1.15 key=value parser (DPC)
\KV@toks@=\toks18
)
\Gin@req@height=\dimen141
\Gin@req@width=\dimen142
)
\epsfxsize=\dimen143
\epsfysize=\dimen144
)
(c:/texlive/2023/texmf-dist/tex/latex/amsfonts/amssymb.sty
Package: amssymb 2013/01/14 v3.01 AMS font symbols

(c:/texlive/2023/texmf-dist/tex/latex/amsfonts/amsfonts.sty
Package: amsfonts 2013/01/14 v3.01 Basic AMSFonts support
\@emptytoks=\toks19
\symAMSa=\mathgroup4
\symAMSb=\mathgroup5
LaTeX Font Info:    Redeclaring math symbol \hbar on input line 98.
LaTeX Font Info:    Overwriting math alphabet `\mathfrak' in version `bold'
(Font)                  U/euf/m/n --> U/euf/b/n on input line 106.
))
(c:/texlive/2023/texmf-dist/tex/latex/amsmath/amsmath.sty
Package: amsmath 2022/04/08 v2.17n AMS math features
\@mathmargin=\skip50

For additional information on amsmath, use the `?' option.
(c:/texlive/2023/texmf-dist/tex/latex/amsmath/amstext.sty
Package: amstext 2021/08/26 v2.01 AMS text

(c:/texlive/2023/texmf-dist/tex/latex/amsmath/amsgen.sty
File: amsgen.sty 1999/11/30 v2.0 generic functions
\@emptytoks=\toks20
\ex@=\dimen145
))
(c:/texlive/2023/texmf-dist/tex/latex/amsmath/amsbsy.sty
Package: amsbsy 1999/11/29 v1.2d Bold Symbols
\pmbraise@=\dimen146
)
(c:/texlive/2023/texmf-dist/tex/latex/amsmath/amsopn.sty
Package: amsopn 2022/04/08 v2.04 operator names
)
\inf@bad=\count194
LaTeX Info: Redefining \frac on input line 234.
\uproot@=\count195
\leftroot@=\count196
LaTeX Info: Redefining \overline on input line 399.
LaTeX Info: Redefining \colon on input line 410.
\classnum@=\count197
\DOTSCASE@=\count198
LaTeX Info: Redefining \ldots on input line 496.
LaTeX Info: Redefining \dots on input line 499.
LaTeX Info: Redefining \cdots on input line 620.
\Mathstrutbox@=\box51
\strutbox@=\box52
LaTeX Info: Redefining \big on input line 722.
LaTeX Info: Redefining \Big on input line 723.
LaTeX Info: Redefining \bigg on input line 724.
LaTeX Info: Redefining \Bigg on input line 725.
\big@size=\dimen147
LaTeX Font Info:    Redeclaring font encoding OML on input line 743.
LaTeX Font Info:    Redeclaring font encoding OMS on input line 744.
\macc@depth=\count199
LaTeX Info: Redefining \bmod on input line 905.
LaTeX Info: Redefining \pmod on input line 910.
LaTeX Info: Redefining \smash on input line 940.
LaTeX Info: Redefining \relbar on input line 970.
LaTeX Info: Redefining \Relbar on input line 971.
\c@MaxMatrixCols=\count266
\dotsspace@=\muskip16
\c@parentequation=\count267
\dspbrk@lvl=\count268
\tag@help=\toks21
\row@=\count269
\column@=\count270
\maxfields@=\count271
\andhelp@=\toks22
\eqnshift@=\dimen148
\alignsep@=\dimen149
\tagshift@=\dimen150
\tagwidth@=\dimen151
\totwidth@=\dimen152
\lineht@=\dimen153
\@envbody=\toks23
\multlinegap=\skip51
\multlinetaggap=\skip52
\mathdisplay@stack=\toks24
LaTeX Info: Redefining \[ on input line 2953.
LaTeX Info: Redefining \] on input line 2954.
)
(c:/texlive/2023/texmf-dist/tex/latex/base/latexsym.sty
Package: latexsym 1998/08/17 v2.2e Standard LaTeX package (lasy symbols)
\symlasy=\mathgroup6
LaTeX Font Info:    Overwriting symbol font `lasy' in version `bold'
(Font)                  U/lasy/m/n --> U/lasy/b/n on input line 52.
)
(c:/texlive/2023/texmf-dist/tex/latex/float/float.sty
Package: float 2001/11/08 v1.3d Float enhancements (AL)
\c@float@type=\count272
\float@exts=\toks25
\float@box=\box53
\@float@everytoks=\toks26
\@floatcapt=\box54
)
(c:/texlive/2023/texmf-dist/tex/latex/l3backend/l3backend-pdftex.def
File: l3backend-pdftex.def 2023-01-16 L3 backend support: PDF output (pdfTeX)
\l__color_backend_stack_int=\count273
\l__pdf_internal_box=\box55
)
(./handbook.aux

LaTeX Warning: Label `1' multiply defined.


LaTeX Warning: Label `1' multiply defined.

)
\openout1 = `handbook.aux'.

LaTeX Font Info:    Checking defaults for OML/cmm/m/it on input line 15.
LaTeX Font Info:    ... okay on input line 15.
LaTeX Font Info:    Checking defaults for OMS/cmsy/m/n on input line 15.
LaTeX Font Info:    ... okay on input line 15.
LaTeX Font Info:    Checking defaults for OT1/cmr/m/n on input line 15.
LaTeX Font Info:    ... okay on input line 15.
LaTeX Font Info:    Checking defaults for T1/cmr/m/n on input line 15.
LaTeX Font Info:    ... okay on input line 15.
LaTeX Font Info:    Checking defaults for TS1/cmr/m/n on input line 15.
LaTeX Font Info:    ... okay on input line 15.
LaTeX Font Info:    Checking defaults for OMX/cmex/m/n on input line 15.
LaTeX Font Info:    ... okay on input line 15.
LaTeX Font Info:    Checking defaults for U/cmr/m/n on input line 15.
LaTeX Font Info:    ... okay on input line 15.
 (c:/texlive/2023/texmf-dist/tex/context/base/mkii/supp-pdf.mkii
[Loading MPS to PDF converter (version 2006.09.02).]
\scratchcounter=\count274
\scratchdimen=\dimen154
\scratchbox=\box56
\nofMPsegments=\count275
\nofMParguments=\count276
\everyMPshowfont=\toks27
\MPscratchCnt=\count277
\MPscratchDim=\dimen155
\MPnumerator=\count278
\makeMPintoPDFobject=\count279
\everyMPtoPDFconversion=\toks28
) (c:/texlive/2023/texmf-dist/tex/latex/epstopdf-pkg/epstopdf-base.sty
Package: epstopdf-base 2020-01-24 v2.11 Base part for package epstopdf
Package epstopdf-base Info: Redefining graphics rule for `.eps' on input line 4
85.

(c:/texlive/2023/texmf-dist/tex/latex/latexconfig/epstopdf-sys.cfg
File: epstopdf-sys.cfg 2010/07/13 v1.3 Configuration of (r)epstopdf for TeX Liv
e
))
(./handbook.toc
LaTeX Font Info:    Trying to load font information for U+msa on input line 1.
 (c:/texlive/2023/texmf-dist/tex/latex/amsfonts/umsa.fd
File: umsa.fd 2013/01/14 v3.01 AMS symbols A
)
LaTeX Font Info:    Trying to load font information for U+msb on input line 1.

(c:/texlive/2023/texmf-dist/tex/latex/amsfonts/umsb.fd
File: umsb.fd 2013/01/14 v3.01 AMS symbols B
)
LaTeX Font Info:    Trying to load font information for U+lasy on input line 1.


(c:/texlive/2023/texmf-dist/tex/latex/base/ulasy.fd
File: ulasy.fd 1998/08/17 v2.2e LaTeX symbol font definitions
))
\tf@toc=\write3
\openout3 = `handbook.toc'.


Overfull \vbox (44.9055pt too high) has occurred while \output is active []


[1


{c:/texlive/2022/texmf-var/fonts/map/pdftex/updmap/pdftex.map}]
<home_page1.png, id=10, 1109.14375pt x 587.19376pt>
File: home_page1.png Graphic file (type png)
<use home_page1.png>
Package pdftex.def Info: home_page1.png  used on input line 27.
(pdftex.def)             Requested size: 1109.14105pt x 587.19232pt.

Overfull \hbox (43.20613pt too wide) in paragraph at lines 27--28
 [] 
 []


Underfull \hbox (badness 10000) in paragraph at lines 21--30

 []


Underfull \hbox (badness 10000) in paragraph at lines 21--30

 []


Underfull \hbox (badness 10000) in paragraph at lines 21--30

 []


Underfull \hbox (badness 10000) in paragraph at lines 21--30

 []


Underfull \hbox (badness 10000) in paragraph at lines 21--30

 []


Underfull \hbox (badness 10000) in paragraph at lines 21--30

 []


Overfull \vbox (44.9055pt too high) has occurred while \output is active []


[2 <./home_page1.png>]
Chapter 1.

Underfull \hbox (badness 10000) in paragraph at lines 34--36

 []


Underfull \hbox (badness 10000) in paragraph at lines 37--38

 []


Underfull \hbox (badness 10000) in paragraph at lines 37--38

 []

<signIn_page1.png, id=16, 1219.55624pt x 680.5425pt>
File: signIn_page1.png Graphic file (type png)
<use signIn_page1.png>
Package pdftex.def Info: signIn_page1.png  used on input line 42.
(pdftex.def)             Requested size: 1219.55327pt x 680.54083pt.

Overfull \hbox (20.86969pt too wide) in paragraph at lines 42--43
 [] 
 []


Overfull \vbox (44.9055pt too high) has occurred while \output is active []


[3

 <./signIn_page1.png>]
Overfull \hbox (21.33296pt too wide) in paragraph at lines 50--50
[]\OT1/cmr/bx/n/14.4 Create-Account $ \OMS/cmsy/m/n/14.4 ! $ \OT1/cmr/bx/n/14.4
 Route: /create-account 
 []

<signIn_page2.png, id=21, 1219.55624pt x 669.50125pt>
File: signIn_page2.png Graphic file (type png)
<use signIn_page2.png>
Package pdftex.def Info: signIn_page2.png  used on input line 55.
(pdftex.def)             Requested size: 1219.55327pt x 669.49962pt.

Overfull \hbox (20.86969pt too wide) in paragraph at lines 55--56
 [] 
 []


Underfull \hbox (badness 10000) in paragraph at lines 52--58

 []


Underfull \hbox (badness 10000) in paragraph at lines 52--58

 []


Underfull \hbox (badness 10000) in paragraph at lines 63--64

 []


Underfull \hbox (badness 10000) in paragraph at lines 63--64

 []


Underfull \hbox (badness 10000) in paragraph at lines 66--70

 []


Underfull \hbox (badness 10000) in paragraph at lines 66--70

 []


Underfull \hbox (badness 10000) in paragraph at lines 66--70

 []


Overfull \vbox (44.9055pt too high) has occurred while \output is active []


[4 <./signIn_page2.png>]
Underfull \hbox (badness 10000) in paragraph at lines 72--75

 []


Underfull \hbox (badness 10000) in paragraph at lines 72--75

 []


Overfull \vbox (44.9055pt too high) has occurred while \output is active []


[5]
Overfull \hbox (1.19504pt too wide) in paragraph at lines 80--83
\OT1/cmr/m/n/10 schlicht Sitzung-steil-nehmer:innen, die nicht regelm^^?assig a
n De-bat-ten teil-nehmen.
 []


Underfull \hbox (badness 10000) in paragraph at lines 80--83

 []


Overfull \hbox (11.3803pt too wide) in paragraph at lines 80--83
\OT1/cmr/m/n/10 'Back/Next' But-tons k^^?onnen die etwa 40 Seiten durchgebl^^?a
ttert wer-den. Fraktions-
 []


Underfull \hbox (badness 10000) in paragraph at lines 80--83

 []


Underfull \hbox (badness 10000) in paragraph at lines 80--83

 []

<deputies_page1.png, id=29, 1336.995pt x 665.48625pt>
File: deputies_page1.png Graphic file (type png)
<use deputies_page1.png>
Package pdftex.def Info: deputies_page1.png  used on input line 87.
(pdftex.def)             Requested size: 1336.99174pt x 665.48462pt.

Overfull \hbox (29.35605pt too wide) in paragraph at lines 87--88
 [] 
 []


Underfull \hbox (badness 10000) in paragraph at lines 93--94

 []


Underfull \hbox (badness 10000) in paragraph at lines 93--94

 []


Underfull \hbox (badness 10000) in paragraph at lines 93--94

 []


Underfull \hbox (badness 10000) in paragraph at lines 93--94

 []

<deputies_page2.png, id=30, 1336.995pt x 728.7225pt>
File: deputies_page2.png Graphic file (type png)
<use deputies_page2.png>
Package pdftex.def Info: deputies_page2.png  used on input line 97.
(pdftex.def)             Requested size: 1336.99174pt x 728.72072pt.

Overfull \hbox (29.35605pt too wide) in paragraph at lines 97--98
 [] 
 []


Overfull \vbox (44.9055pt too high) has occurred while \output is active []


[6 <./deputies_page1.png>]
Underfull \hbox (badness 10000) in paragraph at lines 103--104

 []


Underfull \hbox (badness 10000) in paragraph at lines 103--104

 []


Underfull \hbox (badness 10000) in paragraph at lines 103--104

 []

<deputies_page3.png, id=35, 992.70876pt x 532.99126pt>
File: deputies_page3.png Graphic file (type png)
<use deputies_page3.png>
Package pdftex.def Info: deputies_page3.png  used on input line 107.
(pdftex.def)             Requested size: 992.70634pt x 532.98996pt.

Underfull \hbox (badness 10000) in paragraph at lines 114--115

 []


Underfull \hbox (badness 10000) in paragraph at lines 114--115

 []

<parties_page1.png, id=36, 1336.995pt x 728.7225pt>
File: parties_page1.png Graphic file (type png)
<use parties_page1.png>
Package pdftex.def Info: parties_page1.png  used on input line 118.
(pdftex.def)             Requested size: 1336.99174pt x 728.72072pt.

Overfull \hbox (56.1016pt too wide) in paragraph at lines 118--119
 [] 
 []


Overfull \vbox (44.9055pt too high) has occurred while \output is active []


[7 <./deputies_page2.png> <./deputies_page3.png>]
Underfull \hbox (badness 10000) in paragraph at lines 125--126

 []


Underfull \hbox (badness 10000) in paragraph at lines 125--126

 []

<factions_page1.png, id=43, 1336.995pt x 728.7225pt>
File: factions_page1.png Graphic file (type png)
<use factions_page1.png>
Package pdftex.def Info: factions_page1.png  used on input line 129.
(pdftex.def)             Requested size: 1336.99174pt x 728.72072pt.

Overfull \hbox (56.1016pt too wide) in paragraph at lines 129--130
 [] 
 []


Overfull \vbox (44.9055pt too high) has occurred while \output is active []


[8 <./parties_page1.png> <./factions_page1.png>]
Chapter 2.

Underfull \hbox (badness 10000) in paragraph at lines 141--143

 []


Underfull \hbox (badness 10000) in paragraph at lines 141--143

 []

<graphs_page1.png, id=49, 1143.27126pt x 412.54124pt>
File: graphs_page1.png Graphic file (type png)
<use graphs_page1.png>
Package pdftex.def Info: graphs_page1.png  used on input line 147.
(pdftex.def)             Requested size: 1143.26846pt x 412.54024pt.

Overfull \hbox (55.15094pt too wide) in paragraph at lines 147--148
 [] 
 []


Underfull \hbox (badness 10000) in paragraph at lines 152--155

 []


Overfull \hbox (4.94958pt too wide) in paragraph at lines 152--155
\OT1/cmr/m/n/10 Re-den gesucht wird. Per Fil-ter sind in den Grafiken dann nur 
diese ber^^?ucksichtigt. 
 []


Underfull \hbox (badness 10000) in paragraph at lines 152--155

 []


Underfull \hbox (badness 10000) in paragraph at lines 152--155

 []


Underfull \hbox (badness 10000) in paragraph at lines 152--155

 []

<graphs_page2.png, id=50, 1076.02pt x 601.24625pt>
File: graphs_page2.png Graphic file (type png)
<use graphs_page2.png>
Package pdftex.def Info: graphs_page2.png  used on input line 160.
(pdftex.def)             Requested size: 1076.0174pt x 601.24477pt.

Overfull \hbox (31.61266pt too wide) in paragraph at lines 160--161
 [] 
 []


Overfull \vbox (44.9055pt too high) has occurred while \output is active []


[9

 <./graphs_page1.png>]
Overfull \hbox (17.19508pt too wide) in paragraph at lines 166--167
\OT1/cmr/m/n/10 Als einf^^?uhrendes Beispiel kann die H^^?aufigkeitsverteilung 
aller in den ber^^?ucksichtigten
 []


Underfull \hbox (badness 10000) in paragraph at lines 166--167

 []


Underfull \hbox (badness 10000) in paragraph at lines 166--167

 []


Underfull \hbox (badness 10000) in paragraph at lines 166--167

 []

<graphs_page3.png, id=56, 1076.02pt x 601.24625pt>
File: graphs_page3.png Graphic file (type png)
<use graphs_page3.png>
Package pdftex.def Info: graphs_page3.png  used on input line 171.
(pdftex.def)             Requested size: 1076.0174pt x 601.24477pt.

Overfull \hbox (31.61266pt too wide) in paragraph at lines 171--172
 [] 
 []


Underfull \hbox (badness 10000) in paragraph at lines 176--177

 []


Underfull \hbox (badness 10000) in paragraph at lines 176--177

 []


Overfull \vbox (44.9055pt too high) has occurred while \output is active []


[10 <./graphs_page2.png> <./graphs_page3.png>]
<graphs_page4.png, id=62, 743.77875pt x 596.2275pt>
File: graphs_page4.png Graphic file (type png)
<use graphs_page4.png>
Package pdftex.def Info: graphs_page4.png  used on input line 181.
(pdftex.def)             Requested size: 743.77693pt x 596.22604pt.

Overfull \hbox (26.88846pt too wide) in paragraph at lines 181--182
 [] 
 []


Underfull \hbox (badness 10000) in paragraph at lines 178--184

 []


Underfull \hbox (badness 10000) in paragraph at lines 178--184

 []


Underfull \hbox (badness 10000) in paragraph at lines 178--184

 []


Underfull \hbox (badness 10000) in paragraph at lines 178--184

 []

<graphs_page5.png, id=63, 1076.02pt x 601.24625pt>
File: graphs_page5.png Graphic file (type png)
<use graphs_page5.png>
Package pdftex.def Info: graphs_page5.png  used on input line 190.
(pdftex.def)             Requested size: 1076.0174pt x 601.24477pt.

Overfull \hbox (31.61266pt too wide) in paragraph at lines 190--191
 [] 
 []


Overfull \vbox (44.9055pt too high) has occurred while \output is active []


[11 <./graphs_page4.png>]
Underfull \hbox (badness 10000) in paragraph at lines 196--197

 []


Underfull \hbox (badness 10000) in paragraph at lines 196--197

 []


Underfull \hbox (badness 10000) in paragraph at lines 196--197

 []

<graphs_page6.png, id=68, 1076.02pt x 601.24625pt>
File: graphs_page6.png Graphic file (type png)
<use graphs_page6.png>
Package pdftex.def Info: graphs_page6.png  used on input line 201.
(pdftex.def)             Requested size: 1076.0174pt x 601.24477pt.

Overfull \hbox (31.61266pt too wide) in paragraph at lines 201--202
 [] 
 []


Underfull \hbox (badness 10000) in paragraph at lines 207--208

 []


Underfull \hbox (badness 10000) in paragraph at lines 207--208

 []


Underfull \hbox (badness 10000) in paragraph at lines 207--208

 []

<graphs_page7.png, id=69, 1076.02pt x 601.24625pt>
File: graphs_page7.png Graphic file (type png)
<use graphs_page7.png>
Package pdftex.def Info: graphs_page7.png  used on input line 212.
(pdftex.def)             Requested size: 1076.0174pt x 601.24477pt.

Overfull \hbox (31.61266pt too wide) in paragraph at lines 212--213
 [] 
 []


Overfull \vbox (44.9055pt too high) has occurred while \output is active []


[12 <./graphs_page5.png> <./graphs_page6.png>]
Underfull \hbox (badness 10000) in paragraph at lines 218--219

 []


Underfull \hbox (badness 10000) in paragraph at lines 220--221

 []


Underfull \hbox (badness 10000) in paragraph at lines 222--223

 []


Underfull \hbox (badness 10000) in paragraph at lines 222--223

 []

<graphs_page8.png, id=75, 1076.02pt x 601.24625pt>
File: graphs_page8.png Graphic file (type png)
<use graphs_page8.png>
Package pdftex.def Info: graphs_page8.png  used on input line 226.
(pdftex.def)             Requested size: 1076.0174pt x 601.24477pt.

Overfull \hbox (31.61266pt too wide) in paragraph at lines 226--227
 [] 
 []


Underfull \hbox (badness 10000) in paragraph at lines 233--243

 []


Underfull \hbox (badness 10000) in paragraph at lines 233--243

 []


Underfull \hbox (badness 10000) in paragraph at lines 233--243

 []


Overfull \vbox (44.9055pt too high) has occurred while \output is active []


[13 <./graphs_page7.png> <./graphs_page8.png>]
<fulltext_page1.png, id=82, 1342.01375pt x 728.7225pt>
File: fulltext_page1.png Graphic file (type png)
<use fulltext_page1.png>
Package pdftex.def Info: fulltext_page1.png  used on input line 246.
(pdftex.def)             Requested size: 1342.01048pt x 728.72072pt.

Overfull \hbox (57.60724pt too wide) in paragraph at lines 246--247
 [] 
 []


Overfull \vbox (44.9055pt too high) has occurred while \output is active []


[14 <./fulltext_page1.png>]
Overfull \hbox (6.2228pt too wide) in paragraph at lines 255--264
\OT1/cmr/m/n/10 Netzwerke sind ein in-ter-es-santes und in-for-ma-tives Werkzeu
g, um Zusam-menh^^?ange
 []


Overfull \hbox (15.80627pt too wide) in paragraph at lines 255--264
\OT1/cmr/m/n/10 und/oder Abh^^?angigkeiten di-verser Vari-ablen einer kom-plexe
n Struk-tur aufzudecken.
 []


Underfull \hbox (badness 10000) in paragraph at lines 255--264

 []


Overfull \hbox (3.08388pt too wide) in paragraph at lines 255--264
\OT1/cmr/m/n/10 ve-r-an-schaulicht graphisch, welche Red-ner:innen von welchen 
Ab-ge-ord-neten:innen
 []


Overfull \hbox (25.0326pt too wide) in paragraph at lines 255--264
\OT1/cmr/m/n/10 Stan-dard-w-ert von 1000 Kom-mentaren fest-gelegt. Die $\OML/cm
m/m/it/10 MinimumCommentFrequency$
 []


Underfull \hbox (badness 10000) in paragraph at lines 255--264

 []


Underfull \hbox (badness 10000) in paragraph at lines 255--264

 []


Underfull \hbox (badness 10000) in paragraph at lines 255--264

 []

<commentNetwork_page1.png, id=87, 895.345pt x 712.6625pt>
File: commentNetwork_page1.png Graphic file (type png)
<use commentNetwork_page1.png>
Package pdftex.def Info: commentNetwork_page1.png  used on input line 267.
(pdftex.def)             Requested size: 895.34282pt x 712.66077pt.

Overfull \hbox (13.13165pt too wide) in paragraph at lines 267--268
 [] 
 []


Underfull \hbox (badness 10000) in paragraph at lines 273--279

 []


Underfull \hbox (badness 10000) in paragraph at lines 273--279

 []


Underfull \hbox (badness 10000) in paragraph at lines 273--279

 []


Overfull \vbox (44.9055pt too high) has occurred while \output is active []


[15 <./commentNetwork_page1.png>]
<speechTopicNetwork_page1.png, id=92, 1270.7475pt x 765.86125pt>
File: speechTopicNetwork_page1.png Graphic file (type png)
<use speechTopicNetwork_page1.png>
Package pdftex.def Info: speechTopicNetwork_page1.png  used on input line 282.
(pdftex.def)             Requested size: 1270.7444pt x 765.85938pt.

Overfull \hbox (36.22719pt too wide) in paragraph at lines 282--283
 [] 
 []


Underfull \hbox (badness 10000) in paragraph at lines 288--292

 []


Underfull \hbox (badness 10000) in paragraph at lines 288--292

 []

<speechSentimentNetwork_page1.png, id=93, 1120.185pt x 686.565pt>
File: speechSentimentNetwork_page1.png Graphic file (type png)
<use speechSentimentNetwork_page1.png>
Package pdftex.def Info: speechSentimentNetwork_page1.png  used on input line 2
95.
(pdftex.def)             Requested size: 1120.18227pt x 686.56332pt.

Overfull \hbox (47.07062pt too wide) in paragraph at lines 295--296
 [] 
 []


Overfull \vbox (44.9055pt too high) has occurred while \output is active []


[16 <./speechTopicNetwork_page1.png>]
Overfull \vbox (44.9055pt too high) has occurred while \output is active []


[17 <./speechSentimentNetwork_page1.png>]
Chapter 3.

Underfull \hbox (badness 10000) in paragraph at lines 307--309

 []


Underfull \hbox (badness 10000) in paragraph at lines 307--309

 []

<latex_page1.png, id=102, 1156.32pt x 750.805pt>
File: latex_page1.png Graphic file (type png)
<use latex_page1.png>
Package pdftex.def Info: latex_page1.png  used on input line 313.
(pdftex.def)             Requested size: 1156.31718pt x 750.80316pt.

Overfull \hbox (59.71806pt too wide) in paragraph at lines 313--314
 [] 
 []

<latex_page2.png, id=103, 1123.19624pt x 736.7525pt>
File: latex_page2.png Graphic file (type png)
<use latex_page2.png>
Package pdftex.def Info: latex_page2.png  used on input line 322.
(pdftex.def)             Requested size: 1123.1935pt x 736.7507pt.

Overfull \hbox (48.12457pt too wide) in paragraph at lines 322--323
 [] 
 []


Overfull \vbox (44.9055pt too high) has occurred while \output is active []


[18

 <./latex_page1.png>]
Underfull \hbox (badness 10000) in paragraph at lines 330--332

 []


Overfull \hbox (0.3524pt too wide) in paragraph at lines 334--337
\OT1/cmr/m/n/10 der SpeechID, zuord-nen. Zus^^?atzlich k^^?onnen Re-den nach ei
nem bes-timmten
 []


Overfull \hbox (6.71353pt too wide) in paragraph at lines 337--340
\OT1/cmr/m/n/10 auch anzeigen lassen. Dazu bitte die entsprechende Identifikati
ons-Nummer,
 []

<search_page1.png, id=108, 1137.24875pt x 413.545pt>
File: search_page1.png Graphic file (type png)
<use search_page1.png>
Package pdftex.def Info: search_page1.png  used on input line 345.
(pdftex.def)             Requested size: 1137.24599pt x 413.54398pt.
<search_page2.png, id=109, 1137.24875pt x 413.545pt>
File: search_page2.png Graphic file (type png)
<use search_page2.png>
Package pdftex.def Info: search_page2.png  used on input line 352.
(pdftex.def)             Requested size: 1137.24599pt x 413.54398pt.

Overfull \vbox (44.9055pt too high) has occurred while \output is active []


[19 <./latex_page2.png>]
<search_page3.png, id=116, 983.675pt x 521.95pt>
File: search_page3.png Graphic file (type png)
<use search_page3.png>
Package pdftex.def Info: search_page3.png  used on input line 359.
(pdftex.def)             Requested size: 983.6726pt x 521.94872pt.

Overfull \vbox (44.9055pt too high) has occurred while \output is active []


[20 <./search_page1.png> <./search_page2.png> <./search_page3.png>]
Chapter 4.

Overfull \vbox (44.9055pt too high) has occurred while \output is active []


[21

] (./handbook.aux)

LaTeX Warning: There were multiply-defined labels.

 ) 
Here is how much of TeX's memory you used:
 3023 strings out of 478026
 46942 string characters out of 5840636
 1858340 words of memory out of 5000000
 23161 multiletter control sequences out of 15000+600000
 518117 words of font info for 57 fonts, out of 8000000 for 9000
 14 hyphenation exceptions out of 8191
 57i,8n,62p,813b,272s stack positions out of 10000i,1000n,20000p,200000b,200000s
 <c:/Users/Otacon/.texlive2022/texmf-var/fonts/pk/ljfour/jknappen/ec/tcrm1000
.600pk><c:/texlive/2023/texmf-dist/fonts/type1/public/amsfonts/cm/cmbx10.pfb><c
:/texlive/2023/texmf-dist/fonts/type1/public/amsfonts/cm/cmbx12.pfb><c:/texlive
/2023/texmf-dist/fonts/type1/public/amsfonts/cm/cmmi10.pfb><c:/texlive/2023/tex
mf-dist/fonts/type1/public/amsfonts/cm/cmr10.pfb><c:/texlive/2023/texmf-dist/fo
nts/type1/public/amsfonts/cm/cmsy10.pfb>
Output written on handbook.pdf (21 pages, 7486249 bytes).
PDF statistics:
 153 PDF objects out of 1000 (max. 8388607)
 68 compressed objects within 1 object stream
 0 named destinations out of 1000 (max. 500000)
 126 words of extra memory for PDF output out of 10000 (max. 10000000)

